<?xml version="1.0" encoding="UTF-8"?>
<testng-results ignored="0" total="1" passed="1" failed="0" skipped="0">
  <reporter-output>
  </reporter-output>
  <suite started-at="2025-07-02T09:20:59 CEST" name="Default suite" finished-at="2025-07-02T09:21:09 CEST" duration-ms="9871">
    <groups>
    </groups>
    <test started-at="2025-07-02T09:20:59 CEST" name="Default test" finished-at="2025-07-02T09:21:09 CEST" duration-ms="9871">
      <class name="TransPerfectProject.TransPerfect.Task5_MultiSelectField">
        <test-method is-config="true" signature="SetUp()[pri:0, instance:TransPerfectProject.TransPerfect.Task5_MultiSelectField@4b29d1d2]" started-at="2025-07-02T09:20:59 CEST" name="SetUp" finished-at="2025-07-02T09:21:01 CEST" duration-ms="1775" status="PASS">
          <reporter-output>
          </reporter-output>
        </test-method> <!-- SetUp -->
        <test-method is-config="true" signature="beforeClass()[pri:0, instance:TransPerfectProject.TransPerfect.Task5_MultiSelectField@4b29d1d2]" started-at="2025-07-02T09:21:01 CEST" name="beforeClass" finished-at="2025-07-02T09:21:03 CEST" duration-ms="2231" status="PASS">
          <reporter-output>
          </reporter-output>
        </test-method> <!-- beforeClass -->
        <test-method signature="task5_multiSelect()[pri:0, instance:TransPerfectProject.TransPerfect.Task5_MultiSelectField@4b29d1d2]" started-at="2025-07-02T09:21:03 CEST" name="task5_multiSelect" finished-at="2025-07-02T09:21:05 CEST" duration-ms="2236" status="PASS">
          <reporter-output>
          </reporter-output>
        </test-method> <!-- task5_multiSelect -->
        <test-method is-config="true" signature="testFailure(org.testng.ITestResult)[pri:0, instance:TransPerfectProject.TransPerfect.Task5_MultiSelectField@4b29d1d2]" started-at="2025-07-02T09:21:05 CEST" name="testFailure" finished-at="2025-07-02T09:21:05 CEST" duration-ms="2" status="PASS">
          <params>
            <param index="0">
              <value>
                <![CDATA[[TestResult name=task5_multiSelect status=SUCCESS method=Task5_MultiSelectField.task5_multiSelect()[pri:0, instance:TransPerfectProject.TransPerfect.Task5_MultiSelectField@4b29d1d2] output={null}]]]>
              </value>
            </param>
          </params>
          <reporter-output>
          </reporter-output>
        </test-method> <!-- testFailure -->
        <test-method is-config="true" signature="afterClass()[pri:0, instance:TransPerfectProject.TransPerfect.Task5_MultiSelectField@4b29d1d2]" started-at="2025-07-02T09:21:05 CEST" name="afterClass" finished-at="2025-07-02T09:21:05 CEST" duration-ms="0" status="PASS">
          <reporter-output>
          </reporter-output>
        </test-method> <!-- afterClass -->
        <test-method is-config="true" signature="CleanUp()[pri:0, instance:TransPerfectProject.TransPerfect.Task5_MultiSelectField@4b29d1d2]" started-at="2025-07-02T09:21:05 CEST" name="CleanUp" finished-at="2025-07-02T09:21:09 CEST" duration-ms="3557" status="PASS">
          <reporter-output>
          </reporter-output>
        </test-method> <!-- CleanUp -->
      </class> <!-- TransPerfectProject.TransPerfect.Task5_MultiSelectField -->
    </test> <!-- Default test -->
  </suite> <!-- Default suite -->
</testng-results>
